This is XeTeX, Version 3.1415926-2.5-0.9999.3 (TeX Live 2013/Debian) (format=xelatex 2015.10.28)  28 OCT 2016 22:09
entering extended mode
 restricted \write18 enabled.
 %&-line parsing enabled.
**cover_letter.tex
(./cover_letter.tex
LaTeX2e <2011/06/27>
Babel <3.9h> and hyphenation patterns for 78 languages loaded.

! LaTeX Error: File `awesome-cv.cls' not found.

Type X to quit or <RETURN> to proceed,
or enter new name. (Default extension: cls)

Enter file name: x

 )
(\end occurred when \ifx on line 5 was incomplete)
(\end occurred when \ifx on line 5 was incomplete) 
Here is how much of TeX's memory you used:
 9 strings out of 493918
 131 string characters out of 6150562
 52172 words of memory out of 5000000
 3431 multiletter control sequences out of 15000+600000
 3640 words of font info for 14 fonts, out of 8000000 for 9000
 1144 hyphenation exceptions out of 8191
 10i,0n,7p,60b,8s stack positions out of 5000i,500n,10000p,200000b,80000s

No pages of output.
